# JRE version: Java(TM) SE Runtime Environment (7.0_75-b13) (build 1.7.0_75-b13)
# Java VM: Java HotSpot(TM) 64-Bit Server VM (24.75-b04 mixed mode windows-amd64 compressed oops)
Heap
 PSYoungGen      total 217600K, used 210135K [0x00000007d6d00000, 0x00000007ee280000, 0x0000000800000000)
  eden space 188416K, 96% used [0x00000007d6d00000,0x00000007e1db9f78,0x00000007e2500000)
  from space 29184K, 99% used [0x00000007e2500000,0x00000007e417bd98,0x00000007e4180000)
  to   space 40448K, 0% used [0x00000007ebb00000,0x00000007ebb00000,0x00000007ee280000)
 ParOldGen       total 83968K, used 56086K [0x0000000784800000, 0x0000000789a00000, 0x00000007d6d00000)
  object space 83968K, 66% used [0x0000000784800000,0x0000000787ec58d8,0x0000000789a00000)
 PSPermGen       total 35328K, used 35103K [0x000000077f600000, 0x0000000781880000, 0x0000000784800000)
  object space 35328K, 99% used [0x000000077f600000,0x0000000781847f88,0x0000000781880000)
GC Heap History (10 events):
Event: 5.265 GC heap before
{Heap before GC invocations=7 (full 0):
 PSYoungGen      total 70656K, used 70645K [0x00000007d6d00000, 0x00000007dc200000, 0x0000000800000000)
  eden space 61952K, 100% used [0x00000007d6d00000,0x00000007da980000,0x00000007da980000)
  from space 8704K, 99% used [0x00000007db480000,0x00000007dbcfd718,0x00000007dbd00000)
  to   space 11264K, 0% used [0x00000007da980000,0x00000007da980000,0x00000007db480000)
 ParOldGen       total 83968K, used 11514K [0x0000000784800000, 0x0000000789a00000, 0x00000007d6d00000)
  object space 83968K, 13% used [0x0000000784800000,0x000000078533e988,0x0000000789a00000)
 PSPermGen       total 26112K, used 26010K [0x000000077f600000, 0x0000000780f80000, 0x0000000784800000)
  object space 26112K, 99% used [0x000000077f600000,0x0000000780f66aa8,0x0000000780f80000)
Event: 5.279 GC heap after
Heap after GC invocations=7 (full 0):
 PSYoungGen      total 73216K, used 11263K [0x00000007d6d00000, 0x00000007e0400000, 0x0000000800000000)
  eden space 61952K, 0% used [0x00000007d6d00000,0x00000007d6d00000,0x00000007da980000)
  from space 11264K, 99% used [0x00000007da980000,0x00000007db47fe98,0x00000007db480000)
  to   space 15360K, 0% used [0x00000007df500000,0x00000007df500000,0x00000007e0400000)
 ParOldGen       total 83968K, used 16563K [0x0000000784800000, 0x0000000789a00000, 0x00000007d6d00000)
  object space 83968K, 19% used [0x0000000784800000,0x000000078582ccd0,0x0000000789a00000)
 PSPermGen       total 26112K, used 26010K [0x000000077f600000, 0x0000000780f80000, 0x0000000784800000)
  object space 26112K, 99% used [0x000000077f600000,0x0000000780f66aa8,0x0000000780f80000)
}
Event: 5.723 GC heap before
{Heap before GC invocations=8 (full 0):
 PSYoungGen      total 73216K, used 73215K [0x00000007d6d00000, 0x00000007e0400000, 0x0000000800000000)
  eden space 61952K, 100% used [0x00000007d6d00000,0x00000007da980000,0x00000007da980000)
  from space 11264K, 99% used [0x00000007da980000,0x00000007db47fe98,0x00000007db480000)
  to   space 15360K, 0% used [0x00000007df500000,0x00000007df500000,0x00000007e0400000)
 ParOldGen       total 83968K, used 16563K [0x0000000784800000, 0x0000000789a00000, 0x00000007d6d00000)
  object space 83968K, 19% used [0x0000000784800000,0x000000078582ccd0,0x0000000789a00000)
 PSPermGen       total 26624K, used 26380K [0x000000077f600000, 0x0000000781000000, 0x0000000784800000)
  object space 26624K, 99% used [0x000000077f600000,0x0000000780fc3120,0x0000000781000000)
Event: 5.742 GC heap after
Heap after GC invocations=8 (full 0):
 PSYoungGen      total 134144K, used 15359K [0x00000007d6d00000, 0x00000007e0e00000, 0x0000000800000000)
  eden space 118784K, 0% used [0x00000007d6d00000,0x00000007d6d00000,0x00000007de100000)
  from space 15360K, 99% used [0x00000007df500000,0x00000007e03ffc08,0x00000007e0400000)
  to   space 20480K, 0% used [0x00000007de100000,0x00000007de100000,0x00000007df500000)
 ParOldGen       total 83968K, used 23308K [0x0000000784800000, 0x0000000789a00000, 0x00000007d6d00000)
  object space 83968K, 27% used [0x0000000784800000,0x0000000785ec3288,0x0000000789a00000)
 PSPermGen       total 26624K, used 26380K [0x000000077f600000, 0x0000000781000000, 0x0000000784800000)
  object space 26624K, 99% used [0x000000077f600000,0x0000000780fc3120,0x0000000781000000)
}
Event: 6.244 GC heap before
{Heap before GC invocations=9 (full 0):
 PSYoungGen      total 134144K, used 134143K [0x00000007d6d00000, 0x00000007e0e00000, 0x0000000800000000)
  eden space 118784K, 100% used [0x00000007d6d00000,0x00000007de100000,0x00000007de100000)
  from space 15360K, 99% used [0x00000007df500000,0x00000007e03ffc08,0x00000007e0400000)
  to   space 20480K, 0% used [0x00000007de100000,0x00000007de100000,0x00000007df500000)
 ParOldGen       total 83968K, used 23308K [0x0000000784800000, 0x0000000789a00000, 0x00000007d6d00000)
  object space 83968K, 27% used [0x0000000784800000,0x0000000785ec3288,0x0000000789a00000)
 PSPermGen       total 26624K, used 26404K [0x000000077f600000, 0x0000000781000000, 0x0000000784800000)
  object space 26624K, 99% used [0x000000077f600000,0x0000000780fc9360,0x0000000781000000)
Event: 6.266 GC heap after
Heap after GC invocations=9 (full 0):
 PSYoungGen      total 139264K, used 20476K [0x00000007d6d00000, 0x00000007e5c00000, 0x0000000800000000)
  eden space 118784K, 0% used [0x00000007d6d00000,0x00000007d6d00000,0x00000007de100000)
  from space 20480K, 99% used [0x00000007de100000,0x00000007df4ff270,0x00000007df500000)
  to   space 27136K, 0% used [0x00000007e4180000,0x00000007e4180000,0x00000007e5c00000)
 ParOldGen       total 83968K, used 32391K [0x0000000784800000, 0x0000000789a00000, 0x00000007d6d00000)
  object space 83968K, 38% used [0x0000000784800000,0x00000007867a1d30,0x0000000789a00000)
 PSPermGen       total 26624K, used 26404K [0x000000077f600000, 0x0000000781000000, 0x0000000784800000)
  object space 26624K, 99% used [0x000000077f600000,0x0000000780fc9360,0x0000000781000000)
}
Event: 7.014 GC heap before
{Heap before GC invocations=10 (full 0):
 PSYoungGen      total 139264K, used 139260K [0x00000007d6d00000, 0x00000007e5c00000, 0x0000000800000000)
  eden space 118784K, 100% used [0x00000007d6d00000,0x00000007de100000,0x00000007de100000)
  from space 20480K, 99% used [0x00000007de100000,0x00000007df4ff270,0x00000007df500000)
  to   space 27136K, 0% used [0x00000007e4180000,0x00000007e4180000,0x00000007e5c00000)
 ParOldGen       total 83968K, used 32391K [0x0000000784800000, 0x0000000789a00000, 0x00000007d6d00000)
  object space 83968K, 38% used [0x0000000784800000,0x00000007867a1d30,0x0000000789a00000)
 PSPermGen       total 26624K, used 26428K [0x000000077f600000, 0x0000000781000000, 0x0000000784800000)
  object space 26624K, 99% used [0x000000077f600000,0x0000000780fcf100,0x0000000781000000)
Event: 7.043 GC heap after
Heap after GC invocations=10 (full 0):
 PSYoungGen      total 215552K, used 22500K [0x00000007d6d00000, 0x00000007e6000000, 0x0000000800000000)
  eden space 188416K, 0% used [0x00000007d6d00000,0x00000007d6d00000,0x00000007e2500000)
  from space 27136K, 82% used [0x00000007e4180000,0x00000007e5779148,0x00000007e5c00000)
  to   space 29184K, 0% used [0x00000007e2500000,0x00000007e2500000,0x00000007e4180000)
 ParOldGen       total 83968K, used 37803K [0x0000000784800000, 0x0000000789a00000, 0x00000007d6d00000)
  object space 83968K, 45% used [0x0000000784800000,0x0000000786ceacd8,0x0000000789a00000)
 PSPermGen       total 26624K, used 26428K [0x000000077f600000, 0x0000000781000000, 0x0000000784800000)
  object space 26624K, 99% used [0x000000077f600000,0x0000000780fcf100,0x0000000781000000)
}
Event: 7.680 GC heap before
{Heap before GC invocations=11 (full 0):
 PSYoungGen      total 215552K, used 210916K [0x00000007d6d00000, 0x00000007e6000000, 0x0000000800000000)
  eden space 188416K, 100% used [0x00000007d6d00000,0x00000007e2500000,0x00000007e2500000)
  from space 27136K, 82% used [0x00000007e4180000,0x00000007e5779148,0x00000007e5c00000)
  to   space 29184K, 0% used [0x00000007e2500000,0x00000007e2500000,0x00000007e4180000)
 ParOldGen       total 83968K, used 37803K [0x0000000784800000, 0x0000000789a00000, 0x00000007d6d00000)
  object space 83968K, 45% used [0x0000000784800000,0x0000000786ceacd8,0x0000000789a00000)
 PSPermGen       total 26624K, used 26454K [0x000000077f600000, 0x0000000781000000, 0x0000000784800000)
  object space 26624K, 99% used [0x000000077f600000,0x0000000780fd5848,0x0000000781000000)
Event: 7.710 GC heap after
Heap after GC invocations=11 (full 0):
 PSYoungGen      total 217600K, used 29167K [0x00000007d6d00000, 0x00000007ee280000, 0x0000000800000000)
  eden space 188416K, 0% used [0x00000007d6d00000,0x00000007d6d00000,0x00000007e2500000)
  from space 29184K, 99% used [0x00000007e2500000,0x00000007e417bd98,0x00000007e4180000)
  to   space 40448K, 0% used [0x00000007ebb00000,0x00000007ebb00000,0x00000007ee280000)
 ParOldGen       total 83968K, used 56086K [0x0000000784800000, 0x0000000789a00000, 0x00000007d6d00000)
  object space 83968K, 66% used [0x0000000784800000,0x0000000787ec58d8,0x0000000789a00000)
 PSPermGen       total 26624K, used 26454K [0x000000077f600000, 0x0000000781000000, 0x0000000784800000)
  object space 26624K, 99% used [0x000000077f600000,0x0000000780fd5848,0x0000000781000000)
}

