# JRE version: Java(TM) SE Runtime Environment (7.0_75-b13) (build 1.7.0_75-b13)
# Java VM: Java HotSpot(TM) 64-Bit Server VM (24.75-b04 mixed mode windows-amd64 compressed oops)
Heap
 PSYoungGen      total 278528K, used 79708K [0x00000007d6d00000, 0x00000007f4480000, 0x0000000800000000)
  eden space 247296K, 19% used [0x00000007d6d00000,0x00000007d9c57d30,0x00000007e5e80000)
  from space 31232K, 99% used [0x00000007e5e80000,0x00000007e7cff660,0x00000007e7d00000)
  to   space 43520K, 0% used [0x00000007f1a00000,0x00000007f1a00000,0x00000007f4480000)
 ParOldGen       total 83968K, used 52523K [0x0000000784800000, 0x0000000789a00000, 0x00000007d6d00000)
  object space 83968K, 62% used [0x0000000784800000,0x0000000787b4ae40,0x0000000789a00000)
 PSPermGen       total 27136K, used 27103K [0x000000077f600000, 0x0000000781080000, 0x0000000784800000)
  object space 27136K, 99% used [0x000000077f600000,0x0000000781077c98,0x0000000781080000)
GC Heap History (10 events):
Event: 8.296 GC heap before
{Heap before GC invocations=5 (full 0):
 PSYoungGen      total 69632K, used 69624K [0x00000007d6d00000, 0x00000007db600000, 0x0000000800000000)
  eden space 64512K, 100% used [0x00000007d6d00000,0x00000007dac00000,0x00000007dac00000)
  from space 5120K, 99% used [0x00000007db100000,0x00000007db5fe030,0x00000007db600000)
  to   space 5120K, 0% used [0x00000007dac00000,0x00000007dac00000,0x00000007db100000)
 ParOldGen       total 83968K, used 6515K [0x0000000784800000, 0x0000000789a00000, 0x00000007d6d00000)
  object space 83968K, 7% used [0x0000000784800000,0x0000000784e5cca8,0x0000000789a00000)
 PSPermGen       total 21504K, used 19757K [0x000000077f600000, 0x0000000780b00000, 0x0000000784800000)
  object space 21504K, 91% used [0x000000077f600000,0x000000078094b430,0x0000000780b00000)
Event: 8.309 GC heap after
Heap after GC invocations=5 (full 0):
 PSYoungGen      total 69632K, used 5104K [0x00000007d6d00000, 0x00000007e0500000, 0x0000000800000000)
  eden space 64512K, 0% used [0x00000007d6d00000,0x00000007d6d00000,0x00000007dac00000)
  from space 5120K, 99% used [0x00000007dac00000,0x00000007db0fc010,0x00000007db100000)
  to   space 13312K, 0% used [0x00000007df800000,0x00000007df800000,0x00000007e0500000)
 ParOldGen       total 83968K, used 15134K [0x0000000784800000, 0x0000000789a00000, 0x00000007d6d00000)
  object space 83968K, 18% used [0x0000000784800000,0x00000007856c7b90,0x0000000789a00000)
 PSPermGen       total 21504K, used 19757K [0x000000077f600000, 0x0000000780b00000, 0x0000000784800000)
  object space 21504K, 91% used [0x000000077f600000,0x000000078094b430,0x0000000780b00000)
}
Event: 11.811 GC heap before
{Heap before GC invocations=6 (full 0):
 PSYoungGen      total 69632K, used 69616K [0x00000007d6d00000, 0x00000007e0500000, 0x0000000800000000)
  eden space 64512K, 100% used [0x00000007d6d00000,0x00000007dac00000,0x00000007dac00000)
  from space 5120K, 99% used [0x00000007dac00000,0x00000007db0fc010,0x00000007db100000)
  to   space 13312K, 0% used [0x00000007df800000,0x00000007df800000,0x00000007e0500000)
 ParOldGen       total 83968K, used 15134K [0x0000000784800000, 0x0000000789a00000, 0x00000007d6d00000)
  object space 83968K, 18% used [0x0000000784800000,0x00000007856c7b90,0x0000000789a00000)
 PSPermGen       total 26112K, used 25961K [0x000000077f600000, 0x0000000780f80000, 0x0000000784800000)
  object space 26112K, 99% used [0x000000077f600000,0x0000000780f5a718,0x0000000780f80000)
Event: 11.837 GC heap after
Heap after GC invocations=6 (full 0):
 PSYoungGen      total 140288K, used 12852K [0x00000007d6d00000, 0x00000007e0900000, 0x0000000800000000)
  eden space 126976K, 0% used [0x00000007d6d00000,0x00000007d6d00000,0x00000007de900000)
  from space 13312K, 96% used [0x00000007df800000,0x00000007e048d1b8,0x00000007e0500000)
  to   space 15360K, 0% used [0x00000007de900000,0x00000007de900000,0x00000007df800000)
 ParOldGen       total 83968K, used 15142K [0x0000000784800000, 0x0000000789a00000, 0x00000007d6d00000)
  object space 83968K, 18% used [0x0000000784800000,0x00000007856c9b90,0x0000000789a00000)
 PSPermGen       total 26112K, used 25961K [0x000000077f600000, 0x0000000780f80000, 0x0000000784800000)
  object space 26112K, 99% used [0x000000077f600000,0x0000000780f5a718,0x0000000780f80000)
}
Event: 13.086 GC heap before
{Heap before GC invocations=7 (full 0):
 PSYoungGen      total 140288K, used 139828K [0x00000007d6d00000, 0x00000007e0900000, 0x0000000800000000)
  eden space 126976K, 100% used [0x00000007d6d00000,0x00000007de900000,0x00000007de900000)
  from space 13312K, 96% used [0x00000007df800000,0x00000007e048d1b8,0x00000007e0500000)
  to   space 15360K, 0% used [0x00000007de900000,0x00000007de900000,0x00000007df800000)
 ParOldGen       total 83968K, used 15142K [0x0000000784800000, 0x0000000789a00000, 0x00000007d6d00000)
  object space 83968K, 18% used [0x0000000784800000,0x00000007856c9b90,0x0000000789a00000)
 PSPermGen       total 26624K, used 26450K [0x000000077f600000, 0x0000000781000000, 0x0000000784800000)
  object space 26624K, 99% used [0x000000077f600000,0x0000000780fd48c0,0x0000000781000000)
Event: 13.121 GC heap after
Heap after GC invocations=7 (full 0):
 PSYoungGen      total 142336K, used 15328K [0x00000007d6d00000, 0x00000007e9500000, 0x0000000800000000)
  eden space 126976K, 0% used [0x00000007d6d00000,0x00000007d6d00000,0x00000007de900000)
  from space 15360K, 99% used [0x00000007de900000,0x00000007df7f82f8,0x00000007df800000)
  to   space 24576K, 0% used [0x00000007e7d00000,0x00000007e7d00000,0x00000007e9500000)
 ParOldGen       total 83968K, used 28604K [0x0000000784800000, 0x0000000789a00000, 0x00000007d6d00000)
  object space 83968K, 34% used [0x0000000784800000,0x00000007863ef030,0x0000000789a00000)
 PSPermGen       total 26624K, used 26450K [0x000000077f600000, 0x0000000781000000, 0x0000000784800000)
  object space 26624K, 99% used [0x000000077f600000,0x0000000780fd48c0,0x0000000781000000)
}
Event: 14.166 GC heap before
{Heap before GC invocations=8 (full 0):
 PSYoungGen      total 142336K, used 142304K [0x00000007d6d00000, 0x00000007e9500000, 0x0000000800000000)
  eden space 126976K, 100% used [0x00000007d6d00000,0x00000007de900000,0x00000007de900000)
  from space 15360K, 99% used [0x00000007de900000,0x00000007df7f82f8,0x00000007df800000)
  to   space 24576K, 0% used [0x00000007e7d00000,0x00000007e7d00000,0x00000007e9500000)
 ParOldGen       total 83968K, used 28604K [0x0000000784800000, 0x0000000789a00000, 0x00000007d6d00000)
  object space 83968K, 34% used [0x0000000784800000,0x00000007863ef030,0x0000000789a00000)
 PSPermGen       total 26624K, used 26474K [0x000000077f600000, 0x0000000781000000, 0x0000000784800000)
  object space 26624K, 99% used [0x000000077f600000,0x0000000780fda968,0x0000000781000000)
Event: 14.204 GC heap after
Heap after GC invocations=8 (full 0):
 PSYoungGen      total 271872K, used 24552K [0x00000007d6d00000, 0x00000007ea200000, 0x0000000800000000)
  eden space 247296K, 0% used [0x00000007d6d00000,0x00000007d6d00000,0x00000007e5e80000)
  from space 24576K, 99% used [0x00000007e7d00000,0x00000007e94fa0d0,0x00000007e9500000)
  to   space 31232K, 0% used [0x00000007e5e80000,0x00000007e5e80000,0x00000007e7d00000)
 ParOldGen       total 83968K, used 35062K [0x0000000784800000, 0x0000000789a00000, 0x00000007d6d00000)
  object space 83968K, 41% used [0x0000000784800000,0x0000000786a3dbd8,0x0000000789a00000)
 PSPermGen       total 26624K, used 26474K [0x000000077f600000, 0x0000000781000000, 0x0000000784800000)
  object space 26624K, 99% used [0x000000077f600000,0x0000000780fda968,0x0000000781000000)
}
Event: 15.348 GC heap before
{Heap before GC invocations=9 (full 0):
 PSYoungGen      total 271872K, used 271848K [0x00000007d6d00000, 0x00000007ea200000, 0x0000000800000000)
  eden space 247296K, 100% used [0x00000007d6d00000,0x00000007e5e80000,0x00000007e5e80000)
  from space 24576K, 99% used [0x00000007e7d00000,0x00000007e94fa0d0,0x00000007e9500000)
  to   space 31232K, 0% used [0x00000007e5e80000,0x00000007e5e80000,0x00000007e7d00000)
 ParOldGen       total 83968K, used 35062K [0x0000000784800000, 0x0000000789a00000, 0x00000007d6d00000)
  object space 83968K, 41% used [0x0000000784800000,0x0000000786a3dbd8,0x0000000789a00000)
 PSPermGen       total 26624K, used 26483K [0x000000077f600000, 0x0000000781000000, 0x0000000784800000)
  object space 26624K, 99% used [0x000000077f600000,0x0000000780fdcc88,0x0000000781000000)
Event: 15.395 GC heap after
Heap after GC invocations=9 (full 0):
 PSYoungGen      total 278528K, used 31229K [0x00000007d6d00000, 0x00000007f4480000, 0x0000000800000000)
  eden space 247296K, 0% used [0x00000007d6d00000,0x00000007d6d00000,0x00000007e5e80000)
  from space 31232K, 99% used [0x00000007e5e80000,0x00000007e7cff660,0x00000007e7d00000)
  to   space 43520K, 0% used [0x00000007f1a00000,0x00000007f1a00000,0x00000007f4480000)
 ParOldGen       total 83968K, used 52523K [0x0000000784800000, 0x0000000789a00000, 0x00000007d6d00000)
  object space 83968K, 62% used [0x0000000784800000,0x0000000787b4ae40,0x0000000789a00000)
 PSPermGen       total 26624K, used 26483K [0x000000077f600000, 0x0000000781000000, 0x0000000784800000)
  object space 26624K, 99% used [0x000000077f600000,0x0000000780fdcc88,0x0000000781000000)
}

